2025-07-15 20:16:24,394 - INFO - Configuration loaded from config/settings.yaml
2025-07-15 20:17:23,777 - INFO - Configuration loaded from config/settings.yaml
2025-07-15 20:17:23,777 - INFO - Starting web scraper...
2025-07-15 20:17:25,501 - INFO - Chrome driver initialized successfully
2025-07-15 20:17:25,501 - INFO - Processing page 1/2
2025-07-15 20:17:25,501 - INFO - Loading: https://httpbin.org/html
2025-07-15 20:17:25,501 - INFO - Waiting 3.1 seconds...
2025-07-15 20:17:32,062 - INFO - Page loaded successfully
2025-07-15 20:17:32,063 - INFO - Found 3 items on page 1
2025-07-15 20:17:32,063 - INFO - Extracted 0 valid items from page 1
2025-07-15 20:17:32,063 - WARNING - No items found on page 1
2025-07-15 20:17:32,063 - INFO - Processing page 2/2
2025-07-15 20:17:32,063 - INFO - Loading: https://httpbin.org/html?page=2
2025-07-15 20:17:32,063 - INFO - Waiting 2.4 seconds...
2025-07-15 20:17:38,642 - INFO - Page loaded successfully
2025-07-15 20:17:38,642 - INFO - Found 3 items on page 2
2025-07-15 20:17:38,642 - INFO - Extracted 0 valid items from page 2
2025-07-15 20:17:38,643 - WARNING - No items found on page 2
2025-07-15 20:17:38,643 - WARNING - No data was scraped
2025-07-15 20:17:38,736 - INFO - Browser closed
2025-07-15 20:17:38,736 - ERROR - Scraping failed
2025-07-15 20:18:18,081 - INFO - Configuration loaded from config/settings.yaml
2025-07-15 20:18:18,081 - INFO - Starting web scraper...
2025-07-15 20:18:18,559 - INFO - Chrome driver initialized successfully
2025-07-15 20:18:18,559 - INFO - Processing page 1/3
2025-07-15 20:18:18,559 - INFO - Loading: http://quotes.toscrape.com/
2025-07-15 20:18:18,559 - INFO - Waiting 2.5 seconds...
2025-07-15 20:18:26,292 - INFO - Page loaded successfully
2025-07-15 20:18:26,293 - INFO - Found 10 items on page 1
2025-07-15 20:18:26,294 - INFO - Extracted 10 valid items from page 1
2025-07-15 20:18:26,294 - INFO - Total items collected: 10
2025-07-15 20:18:26,294 - INFO - Waiting 11.5 seconds before next page...
2025-07-15 20:18:37,796 - INFO - Processing page 2/3
2025-07-15 20:18:37,796 - INFO - Loading: http://quotes.toscrape.com/page/2/
2025-07-15 20:18:37,796 - INFO - Waiting 1.4 seconds...
2025-07-15 20:18:43,152 - INFO - Page loaded successfully
2025-07-15 20:18:43,153 - INFO - Found 10 items on page 2
2025-07-15 20:18:43,153 - INFO - Extracted 10 valid items from page 2
2025-07-15 20:18:43,153 - INFO - Total items collected: 20
2025-07-15 20:18:43,153 - INFO - Waiting 6.9 seconds before next page...
2025-07-15 20:18:50,092 - INFO - Processing page 3/3
2025-07-15 20:18:50,093 - INFO - Loading: http://quotes.toscrape.com/page/3/
2025-07-15 20:18:50,093 - INFO - Waiting 2.7 seconds...
2025-07-15 20:18:57,283 - INFO - Page loaded successfully
2025-07-15 20:18:57,284 - INFO - Found 10 items on page 3
2025-07-15 20:18:57,285 - INFO - Extracted 10 valid items from page 3
2025-07-15 20:18:57,285 - INFO - Total items collected: 30
2025-07-15 20:18:57,285 - INFO - Waiting 5.1 seconds before next page...
2025-07-15 20:19:02,368 - INFO - Saved 30 items to data/scraped_data.csv
2025-07-15 20:19:02,368 - INFO - Scraping completed! Total items: 30
2025-07-15 20:19:02,468 - INFO - Browser closed
2025-07-15 20:19:02,468 - INFO - Scraping completed successfully!
