2025-07-15 18:33:09,407 - INFO - Starting Selenium DNB scraper
2025-07-15 18:33:10,961 - INFO - Chrome driver initialized successfully
2025-07-15 18:33:10,961 - INFO - Loading page: https://www.dnb.com/business-directory/company-information.wholesale_trade.au.new_south_wales.html
2025-07-15 18:33:18,362 - INFO - Clicked popup with selector: button[class*='accept']
2025-07-15 18:33:19,438 - INFO - Page title: Discover Wholesale Trade Companies in - Dun & Bradstreet
2025-07-15 18:33:19,438 - INFO - === PAGE STRUCTURE ANALYSIS ===
2025-07-15 18:33:19,443 - INFO - Found 50 elements with selector: a[href*="company-profiles"]
2025-07-15 18:33:19,443 - INFO - Sample element text: WOOLWORTHS GROUP LIMITED
2025-07-15 18:33:19,500 - INFO - Found 10 potential pagination elements
2025-07-15 18:33:19,501 - INFO - Found 1 JSON-LD structured data scripts
2025-07-15 18:33:19,502 - INFO - Found 305 company-related links out of 484 total links
2025-07-15 18:33:19,504 - INFO - Found 50 company profile links
2025-07-15 18:33:19,504 - INFO - Extracted 50 companies from page
2025-07-15 18:33:19,504 - INFO - Total companies collected: 50
2025-07-15 18:33:19,605 - INFO - Browser closed
2025-07-15 18:33:19,609 - INFO - Data saved to /Users/jamesmaulana/Documents/GitHub/website_scraper/data/dnb_wholesale_nsw_selenium.csv
2025-07-15 18:33:19,609 - INFO - Total records: 50
2025-07-15 18:33:19,609 - INFO - Sample of collected data:
2025-07-15 18:33:19,609 - INFO - 1. WOOLWORTHS GROUP LIMITED
2025-07-15 18:33:19,609 - INFO - 2. BUNNINGS PROPERTIES PTY. LTD
2025-07-15 18:33:19,609 - INFO - 3. GLENCORE COAL SALES PTY LIMITED
2025-07-15 18:33:19,609 - INFO - 4. MOUNT ISA MINES LIMITED
2025-07-15 18:33:19,609 - INFO - 5. SUMITOMO ELECTRIC INDUSTRIES, LTD.
2025-07-15 18:33:19,609 - INFO - Selenium scraping completed
2025-07-15 18:44:22,752 - INFO - Starting Selenium DNB scraper with pagination
2025-07-15 18:44:23,091 - INFO - Chrome driver initialized successfully
2025-07-15 18:44:23,091 - INFO - Processing page 1
2025-07-15 18:44:23,091 - INFO - Loading page 1: https://www.dnb.com/business-directory/company-information.wholesale_trade.au.new_south_wales.html
2025-07-15 18:44:31,589 - INFO - Clicked popup with selector: button[class*='accept']
2025-07-15 18:44:32,679 - INFO - Page title: Discover Wholesale Trade Companies in - Dun & Bradstreet
2025-07-15 18:44:32,680 - INFO - Found 50 company profile links
2025-07-15 18:44:32,917 - INFO - Successfully extracted 50 companies from this page
2025-07-15 18:44:32,917 - INFO - Page 1 completed. Companies on this page: 50
2025-07-15 18:44:32,917 - INFO - Total companies collected so far: 50
2025-07-15 18:44:32,925 - INFO - Waiting 1.5 seconds before next request...
2025-07-15 18:44:34,431 - INFO - Processing page 2
2025-07-15 18:44:34,432 - INFO - Loading page 2: https://www.dnb.com/business-directory/company-information.wholesale_trade.au.new_south_wales.html?page=2
2025-07-15 18:44:38,370 - INFO - Page title: Access Denied
2025-07-15 18:44:38,370 - INFO - Found 0 company profile links
2025-07-15 18:44:38,370 - INFO - Successfully extracted 0 companies from this page
2025-07-15 18:44:38,370 - INFO - No companies found on page 2, stopping
2025-07-15 18:44:38,370 - INFO - Scraping completed. Total companies collected: 50
2025-07-15 18:44:38,481 - INFO - Browser closed
2025-07-15 18:44:38,484 - INFO - Data saved to /Users/jamesmaulana/Documents/GitHub/website_scraper/data/dnb_wholesale_nsw.csv
2025-07-15 18:44:38,484 - INFO - Total records: 50
2025-07-15 18:44:38,484 - INFO - Sample of collected data:
2025-07-15 18:44:38,485 - INFO - 1. WOOLWORTHS GROUP LIMITED |  | 44955.81M
2025-07-15 18:44:38,485 - INFO - 2. BUNNINGS PROPERTIES PTY. LTD |  | 30789.24M
2025-07-15 18:44:38,485 - INFO - 3. GLENCORE COAL SALES PTY LIMITED |  | 29478.32M
2025-07-15 18:44:38,485 - INFO - 4. MOUNT ISA MINES LIMITED |  | 29478.32M
2025-07-15 18:44:38,485 - INFO - 5. SUMITOMO ELECTRIC INDUSTRIES, LTD. |  | 29330.72M
2025-07-15 18:44:38,485 - INFO - 6. GLENCORE HOLDINGS PTY LIMITED |  | 25941M
2025-07-15 18:44:38,485 - INFO - 7. AMPOL LIMITED |  | 22639.33M
2025-07-15 18:44:38,485 - INFO - 8. COASTAL CONTACTS (AUS) PTY LTD |  | 22431.98M
2025-07-15 18:44:38,485 - INFO - 9. AUSTRALIAN GROCERY WHOLESALERS PTY LIMITED |  | 19387.05M
2025-07-15 18:44:38,485 - INFO - 10. UCC COFFEE AUSTRALIA LIMITED |  | 19172.47M
2025-07-15 18:44:38,485 - INFO - Selenium scraping completed
